<?xml version="1.0" encoding="UTF-8"?>
<!-- Generated by org.testng.reporters.JUnitReportReporter -->
<testsuite hostname="DESKTOP-64K5226" failures="0" tests="4" name="com.freecrm.testcases.testNG_Before_After" time="0.045" errors="0" timestamp="2021-07-30T23:26:46 EET" skipped="0">
  <testcase classname="com.freecrm.testcases.testNG_Before_After" name="TestCase3" time="0.008"/>
  <system-out/>
  <testcase classname="com.freecrm.testcases.testNG_Before_After" name="TestCase2" time="0.006"/>
  <system-out/>
  <testcase classname="com.freecrm.testcases.testNG_Before_After" name="TestCase4" time="0.009"/>
  <system-out/>
  <testcase classname="com.freecrm.testcases.testNG_Before_After" name="TestCase1" time="0.022"/>
  <system-out/>
</testsuite> <!-- com.freecrm.testcases.testNG_Before_After -->
