<?xml version="1.0" encoding="UTF-8"?>
<!-- Generated by org.testng.reporters.JUnitReportReporter -->
<testsuite hostname="DESKTOP-64K5226" failures="0" tests="1" name="com.freecrm.testcases.explain" time="35.510" errors="0" timestamp="2021-07-31T21:53:16 EET" skipped="0">
  <testcase classname="com.freecrm.testcases.explain" name="recordVideo" time="35.510"/>
  <system-out/>
</testsuite> <!-- com.freecrm.testcases.explain -->
