<?xml version="1.0" encoding="UTF-8"?>
<!-- Generated by org.testng.reporters.JUnitReportReporter -->
<testsuite hostname="DESKTOP-64K5226" failures="0" tests="3" name="com.freecrm.testcases.ContactPageTest" time="114.237" errors="0" timestamp="2021-08-04T06:15:09 EET" skipped="0">
  <testcase classname="com.freecrm.testcases.ContactPageTest" name="addContact" time="27.297"/>
  <system-out/>
  <testcase classname="com.freecrm.testcases.ContactPageTest" name="addContact" time="51.294"/>
  <system-out/>
  <testcase classname="com.freecrm.testcases.ContactPageTest" name="addContact" time="35.646"/>
  <system-out/>
</testsuite> <!-- com.freecrm.testcases.ContactPageTest -->
