<?xml version="1.0" encoding="UTF-8"?>
<!-- Generated by org.testng.reporters.JUnitReportReporter -->
<testsuite hostname="DESKTOP-64K5226" failures="0" tests="1" name="com.freecrm.testcases.Example" time="0.019" errors="0" timestamp="2021-07-29T23:13:31 EET" skipped="0">
  <testcase classname="com.freecrm.testcases.Example" name="PrintValues" time="0.019"/>
  <system-out/>
</testsuite> <!-- com.freecrm.testcases.Example -->
