<?xml version="1.0" encoding="UTF-8"?>
<!-- Generated by org.testng.reporters.JUnitReportReporter -->
<testsuite hostname="DESKTOP-64K5226" failures="0" tests="3" name="com.freecrm.testcases.HomePage" time="60.784" errors="0" timestamp="2021-08-04T06:15:09 EET" skipped="0">
  <testcase classname="com.freecrm.testcases.HomePage" name="ClickOnContactsTest" time="21.271"/>
  <system-out/>
  <testcase classname="com.freecrm.testcases.HomePage" name="ClickOnDealsTest" time="20.872"/>
  <system-out/>
  <testcase classname="com.freecrm.testcases.HomePage" name="ClickOnTasksTest" time="18.641"/>
  <system-out/>
</testsuite> <!-- com.freecrm.testcases.HomePage -->
