<?xml version="1.0" encoding="UTF-8"?>
<!-- Generated by org.testng.reporters.JUnitReportReporter -->
<testsuite hostname="DESKTOP-64K5226" failures="0" tests="1" name="com.freecrm.testcases.TestClass" time="0.017" errors="0" timestamp="2021-07-29T22:41:43 EET" skipped="0">
  <testcase classname="com.freecrm.testcases.TestClass" name="PrintValues" time="0.017"/>
  <system-out/>
</testsuite> <!-- com.freecrm.testcases.TestClass -->
