<?xml version="1.0" encoding="UTF-8"?>
<!-- Generated by org.testng.reporters.JUnitReportReporter -->
<testsuite hostname="DESKTOP-64K5226" failures="0" tests="4" name="com.freecrm.testcases.LoginPageTest" time="48.565" errors="0" timestamp="2021-08-04T06:15:09 EET" skipped="0">
  <testcase classname="com.freecrm.testcases.LoginPageTest" name="titleTest" time="10.695"/>
  <system-out/>
  <testcase classname="com.freecrm.testcases.LoginPageTest" name="urlCheck" time="11.272"/>
  <system-out/>
  <testcase classname="com.freecrm.testcases.LoginPageTest" name="logoTest" time="10.292"/>
  <system-out/>
  <testcase classname="com.freecrm.testcases.LoginPageTest" name="loginTest" time="16.306"/>
  <system-out/>
</testsuite> <!-- com.freecrm.testcases.LoginPageTest -->
